# JRE version: OpenJDK Runtime Environment Corretto-21.0.9.10.1 (21.0.9+10) (build 21.0.9+10-LTS)
# Java VM: OpenJDK 64-Bit Server VM Corretto-21.0.9.10.1 (21.0.9+10-LTS, mixed mode, emulated-client, sharing, tiered, compressed oops, compressed class ptrs, g1 gc, windows-amd64)
GC Precious Log:
 CardTable entry size: 512
 Card Set container configuration: InlinePtr #cards 4 size 8 Array Of Cards #cards 16 size 48 Howl #buckets 8 coarsen threshold 3686 Howl Bitmap #cards 512 size 80 coarsen threshold 460 Card regions per heap region 1 cards per card region 4096
 CPUs: 16 total, 16 available
 Memory: 15772M
 Large Page Support: Disabled
 NUMA Support: Disabled
 Compressed Oops: Enabled (Zero based)
 Heap Region Size: 2M
 Heap Min Capacity: 8M
 Heap Initial Capacity: 248M
 Heap Max Capacity: 3944M
 Pre-touch: Disabled
 Parallel Workers: 13
 Concurrent Workers: 3
 Concurrent Refinement Workers: 13
 Periodic GC: Disabled
Heap:
 garbage-first heap   total 118784K, used 52164K [0x0000000709800000, 0x0000000800000000)
  region size 2048K, 9 young (18432K), 3 survivors (6144K)
 Metaspace       used 97825K, committed 98688K, reserved 1179648K
  class space    used 13571K, committed 13952K, reserved 1048576K
GC Heap History (20 events):
Event: 3.513 GC heap before
{Heap before GC invocations=16 (full 0):
 garbage-first heap   total 98304K, used 50277K [0x0000000709800000, 0x0000000800000000)
  region size 2048K, 14 young (28672K), 2 survivors (4096K)
 Metaspace       used 56081K, committed 56640K, reserved 1114112K
  class space    used 7746K, committed 8000K, reserved 1048576K
}
Event: 3.515 GC heap after
{Heap after GC invocations=17 (full 0):
 garbage-first heap   total 98304K, used 28435K [0x0000000709800000, 0x0000000800000000)
  region size 2048K, 3 young (6144K), 3 survivors (6144K)
 Metaspace       used 56081K, committed 56640K, reserved 1114112K
  class space    used 7746K, committed 8000K, reserved 1048576K
}
Event: 3.811 GC heap before
{Heap before GC invocations=18 (full 0):
 garbage-first heap   total 98304K, used 77587K [0x0000000709800000, 0x0000000800000000)
  region size 2048K, 28 young (57344K), 3 survivors (6144K)
 Metaspace       used 60444K, committed 61056K, reserved 1114112K
  class space    used 8415K, committed 8704K, reserved 1048576K
}
Event: 3.815 GC heap after
{Heap after GC invocations=19 (full 0):
 garbage-first heap   total 98304K, used 29995K [0x0000000709800000, 0x0000000800000000)
  region size 2048K, 3 young (6144K), 3 survivors (6144K)
 Metaspace       used 60444K, committed 61056K, reserved 1114112K
  class space    used 8415K, committed 8704K, reserved 1048576K
}
Event: 4.117 GC heap before
{Heap before GC invocations=19 (full 0):
 garbage-first heap   total 98304K, used 79147K [0x0000000709800000, 0x0000000800000000)
  region size 2048K, 28 young (57344K), 3 survivors (6144K)
 Metaspace       used 66228K, committed 66880K, reserved 1114112K
  class space    used 9266K, committed 9536K, reserved 1048576K
}
Event: 4.120 GC heap after
{Heap after GC invocations=20 (full 0):
 garbage-first heap   total 118784K, used 30260K [0x0000000709800000, 0x0000000800000000)
  region size 2048K, 3 young (6144K), 3 survivors (6144K)
 Metaspace       used 66228K, committed 66880K, reserved 1114112K
  class space    used 9266K, committed 9536K, reserved 1048576K
}
Event: 4.623 GC heap before
{Heap before GC invocations=20 (full 0):
 garbage-first heap   total 118784K, used 91700K [0x0000000709800000, 0x0000000800000000)
  region size 2048K, 34 young (69632K), 3 survivors (6144K)
 Metaspace       used 72474K, committed 73152K, reserved 1114112K
  class space    used 10308K, committed 10624K, reserved 1048576K
}
Event: 4.626 GC heap after
{Heap after GC invocations=21 (full 0):
 garbage-first heap   total 118784K, used 31676K [0x0000000709800000, 0x0000000800000000)
  region size 2048K, 4 young (8192K), 4 survivors (8192K)
 Metaspace       used 72474K, committed 73152K, reserved 1114112K
  class space    used 10308K, committed 10624K, reserved 1048576K
}
Event: 5.000 GC heap before
{Heap before GC invocations=21 (full 0):
 garbage-first heap   total 118784K, used 93116K [0x0000000709800000, 0x0000000800000000)
  region size 2048K, 34 young (69632K), 4 survivors (8192K)
 Metaspace       used 78135K, committed 78848K, reserved 1179648K
  class space    used 11087K, committed 11456K, reserved 1048576K
}
Event: 5.003 GC heap after
{Heap after GC invocations=22 (full 0):
 garbage-first heap   total 118784K, used 34650K [0x0000000709800000, 0x0000000800000000)
  region size 2048K, 4 young (8192K), 4 survivors (8192K)
 Metaspace       used 78135K, committed 78848K, reserved 1179648K
  class space    used 11087K, committed 11456K, reserved 1048576K
}
Event: 5.528 GC heap before
{Heap before GC invocations=22 (full 0):
 garbage-first heap   total 118784K, used 96090K [0x0000000709800000, 0x0000000800000000)
  region size 2048K, 34 young (69632K), 4 survivors (8192K)
 Metaspace       used 82650K, committed 83456K, reserved 1179648K
  class space    used 11807K, committed 12160K, reserved 1048576K
}
Event: 5.532 GC heap after
{Heap after GC invocations=23 (full 0):
 garbage-first heap   total 118784K, used 38008K [0x0000000709800000, 0x0000000800000000)
  region size 2048K, 4 young (8192K), 4 survivors (8192K)
 Metaspace       used 82650K, committed 83456K, reserved 1179648K
  class space    used 11807K, committed 12160K, reserved 1048576K
}
Event: 5.780 GC heap before
{Heap before GC invocations=23 (full 0):
 garbage-first heap   total 118784K, used 97400K [0x0000000709800000, 0x0000000800000000)
  region size 2048K, 34 young (69632K), 4 survivors (8192K)
 Metaspace       used 88350K, committed 89152K, reserved 1179648K
  class space    used 12251K, committed 12608K, reserved 1048576K
}
Event: 5.784 GC heap after
{Heap after GC invocations=24 (full 0):
 garbage-first heap   total 118784K, used 39602K [0x0000000709800000, 0x0000000800000000)
  region size 2048K, 3 young (6144K), 3 survivors (6144K)
 Metaspace       used 88350K, committed 89152K, reserved 1179648K
  class space    used 12251K, committed 12608K, reserved 1048576K
}
Event: 6.092 GC heap before
{Heap before GC invocations=24 (full 0):
 garbage-first heap   total 118784K, used 103090K [0x0000000709800000, 0x0000000800000000)
  region size 2048K, 34 young (69632K), 3 survivors (6144K)
 Metaspace       used 93575K, committed 94336K, reserved 1179648K
  class space    used 12864K, committed 13184K, reserved 1048576K
}
Event: 6.095 GC heap after
{Heap after GC invocations=25 (full 0):
 garbage-first heap   total 118784K, used 39781K [0x0000000709800000, 0x0000000800000000)
  region size 2048K, 3 young (6144K), 3 survivors (6144K)
 Metaspace       used 93575K, committed 94336K, reserved 1179648K
  class space    used 12864K, committed 13184K, reserved 1048576K
}
Event: 6.135 GC heap before
{Heap before GC invocations=25 (full 0):
 garbage-first heap   total 118784K, used 45925K [0x0000000709800000, 0x0000000800000000)
  region size 2048K, 7 young (14336K), 3 survivors (6144K)
 Metaspace       used 93935K, committed 94720K, reserved 1179648K
  class space    used 12927K, committed 13248K, reserved 1048576K
}
Event: 6.138 GC heap after
{Heap after GC invocations=26 (full 0):
 garbage-first heap   total 118784K, used 40613K [0x0000000709800000, 0x0000000800000000)
  region size 2048K, 2 young (4096K), 2 survivors (4096K)
 Metaspace       used 93935K, committed 94720K, reserved 1179648K
  class space    used 12927K, committed 13248K, reserved 1048576K
}
Event: 155.388 GC heap before
{Heap before GC invocations=27 (full 0):
 garbage-first heap   total 118784K, used 104101K [0x0000000709800000, 0x0000000800000000)
  region size 2048K, 34 young (69632K), 2 survivors (4096K)
 Metaspace       used 97790K, committed 98688K, reserved 1179648K
  class space    used 13563K, committed 13952K, reserved 1048576K
}
Event: 155.391 GC heap after
{Heap after GC invocations=28 (full 0):
 garbage-first heap   total 118784K, used 41924K [0x0000000709800000, 0x0000000800000000)
  region size 2048K, 3 young (6144K), 3 survivors (6144K)
 Metaspace       used 97790K, committed 98688K, reserved 1179648K
  class space    used 13563K, committed 13952K, reserved 1048576K
}

