# JRE version: OpenJDK Runtime Environment Corretto-21.0.9.10.1 (21.0.9+10) (build 21.0.9+10-LTS)
# Java VM: OpenJDK 64-Bit Server VM Corretto-21.0.9.10.1 (21.0.9+10-LTS, mixed mode, emulated-client, sharing, tiered, compressed oops, compressed class ptrs, g1 gc, windows-amd64)
GC Precious Log:
 CardTable entry size: 512
 Card Set container configuration: InlinePtr #cards 4 size 8 Array Of Cards #cards 16 size 48 Howl #buckets 8 coarsen threshold 3686 Howl Bitmap #cards 512 size 80 coarsen threshold 460 Card regions per heap region 1 cards per card region 4096
 CPUs: 16 total, 16 available
 Memory: 15772M
 Large Page Support: Disabled
 NUMA Support: Disabled
 Compressed Oops: Enabled (Zero based)
 Heap Region Size: 2M
 Heap Min Capacity: 8M
 Heap Initial Capacity: 248M
 Heap Max Capacity: 3944M
 Pre-touch: Disabled
 Parallel Workers: 13
 Concurrent Workers: 3
 Concurrent Refinement Workers: 13
 Periodic GC: Disabled
Heap:
 garbage-first heap   total 110592K, used 61010K [0x0000000709800000, 0x0000000800000000)
  region size 2048K, 12 young (24576K), 2 survivors (4096K)
 Metaspace       used 103297K, committed 104320K, reserved 1179648K
  class space    used 14338K, committed 14784K, reserved 1048576K
GC Heap History (20 events):
Event: 3.990 GC heap before
{Heap before GC invocations=19 (full 0):
 garbage-first heap   total 92160K, used 77193K [0x0000000709800000, 0x0000000800000000)
  region size 2048K, 27 young (55296K), 2 survivors (4096K)
 Metaspace       used 65819K, committed 66432K, reserved 1114112K
  class space    used 9197K, committed 9472K, reserved 1048576K
}
Event: 3.992 GC heap after
{Heap after GC invocations=20 (full 0):
 garbage-first heap   total 92160K, used 28910K [0x0000000709800000, 0x0000000800000000)
  region size 2048K, 3 young (6144K), 3 survivors (6144K)
 Metaspace       used 65819K, committed 66432K, reserved 1114112K
  class space    used 9197K, committed 9472K, reserved 1048576K
}
Event: 4.272 GC heap before
{Heap before GC invocations=20 (full 0):
 garbage-first heap   total 92160K, used 78062K [0x0000000709800000, 0x0000000800000000)
  region size 2048K, 27 young (55296K), 3 survivors (6144K)
 Metaspace       used 70377K, committed 70976K, reserved 1114112K
  class space    used 9978K, committed 10240K, reserved 1048576K
}
Event: 4.275 GC heap after
{Heap after GC invocations=21 (full 0):
 garbage-first heap   total 110592K, used 29868K [0x0000000709800000, 0x0000000800000000)
  region size 2048K, 3 young (6144K), 3 survivors (6144K)
 Metaspace       used 70377K, committed 70976K, reserved 1114112K
  class space    used 9978K, committed 10240K, reserved 1048576K
}
Event: 4.722 GC heap before
{Heap before GC invocations=21 (full 0):
 garbage-first heap   total 110592K, used 87212K [0x0000000709800000, 0x0000000800000000)
  region size 2048K, 32 young (65536K), 3 survivors (6144K)
 Metaspace       used 76575K, committed 77248K, reserved 1179648K
  class space    used 10807K, committed 11072K, reserved 1048576K
}
Event: 4.725 GC heap after
{Heap after GC invocations=22 (full 0):
 garbage-first heap   total 110592K, used 31913K [0x0000000709800000, 0x0000000800000000)
  region size 2048K, 4 young (8192K), 4 survivors (8192K)
 Metaspace       used 76575K, committed 77248K, reserved 1179648K
  class space    used 10807K, committed 11072K, reserved 1048576K
}
Event: 5.235 GC heap before
{Heap before GC invocations=22 (full 0):
 garbage-first heap   total 110592K, used 89257K [0x0000000709800000, 0x0000000800000000)
  region size 2048K, 32 young (65536K), 4 survivors (8192K)
 Metaspace       used 80824K, committed 81600K, reserved 1179648K
  class space    used 11526K, committed 11904K, reserved 1048576K
}
Event: 5.240 GC heap after
{Heap after GC invocations=23 (full 0):
 garbage-first heap   total 110592K, used 35620K [0x0000000709800000, 0x0000000800000000)
  region size 2048K, 4 young (8192K), 4 survivors (8192K)
 Metaspace       used 80824K, committed 81600K, reserved 1179648K
  class space    used 11526K, committed 11904K, reserved 1048576K
}
Event: 5.565 GC heap before
{Heap before GC invocations=23 (full 0):
 garbage-first heap   total 110592K, used 92964K [0x0000000709800000, 0x0000000800000000)
  region size 2048K, 32 young (65536K), 4 survivors (8192K)
 Metaspace       used 85586K, committed 86400K, reserved 1179648K
  class space    used 12089K, committed 12416K, reserved 1048576K
}
Event: 5.568 GC heap after
{Heap after GC invocations=24 (full 0):
 garbage-first heap   total 110592K, used 37836K [0x0000000709800000, 0x0000000800000000)
  region size 2048K, 3 young (6144K), 3 survivors (6144K)
 Metaspace       used 85586K, committed 86400K, reserved 1179648K
  class space    used 12089K, committed 12416K, reserved 1048576K
}
Event: 5.772 GC heap before
{Heap before GC invocations=24 (full 0):
 garbage-first heap   total 110592K, used 97228K [0x0000000709800000, 0x0000000800000000)
  region size 2048K, 32 young (65536K), 3 survivors (6144K)
 Metaspace       used 90792K, committed 91584K, reserved 1179648K
  class space    used 12480K, committed 12800K, reserved 1048576K
}
Event: 5.776 GC heap after
{Heap after GC invocations=25 (full 0):
 garbage-first heap   total 110592K, used 38778K [0x0000000709800000, 0x0000000800000000)
  region size 2048K, 2 young (4096K), 2 survivors (4096K)
 Metaspace       used 90792K, committed 91584K, reserved 1179648K
  class space    used 12480K, committed 12800K, reserved 1048576K
}
Event: 5.960 GC heap before
{Heap before GC invocations=25 (full 0):
 garbage-first heap   total 110592K, used 69498K [0x0000000709800000, 0x0000000800000000)
  region size 2048K, 18 young (36864K), 2 survivors (4096K)
 Metaspace       used 93451K, committed 94208K, reserved 1179648K
  class space    used 12864K, committed 13184K, reserved 1048576K
}
Event: 5.963 GC heap after
{Heap after GC invocations=26 (full 0):
 garbage-first heap   total 110592K, used 39160K [0x0000000709800000, 0x0000000800000000)
  region size 2048K, 3 young (6144K), 3 survivors (6144K)
 Metaspace       used 93451K, committed 94208K, reserved 1179648K
  class space    used 12864K, committed 13184K, reserved 1048576K
}
Event: 67.884 GC heap before
{Heap before GC invocations=27 (full 0):
 garbage-first heap   total 110592K, used 96504K [0x0000000709800000, 0x0000000800000000)
  region size 2048K, 32 young (65536K), 3 survivors (6144K)
 Metaspace       used 97654K, committed 98560K, reserved 1179648K
  class space    used 13543K, committed 13952K, reserved 1048576K
}
Event: 67.887 GC heap after
{Heap after GC invocations=28 (full 0):
 garbage-first heap   total 110592K, used 40571K [0x0000000709800000, 0x0000000800000000)
  region size 2048K, 3 young (6144K), 3 survivors (6144K)
 Metaspace       used 97654K, committed 98560K, reserved 1179648K
  class space    used 13543K, committed 13952K, reserved 1048576K
}
Event: 114.339 GC heap before
{Heap before GC invocations=28 (full 0):
 garbage-first heap   total 110592K, used 99963K [0x0000000709800000, 0x0000000800000000)
  region size 2048K, 32 young (65536K), 3 survivors (6144K)
 Metaspace       used 103017K, committed 103936K, reserved 1179648K
  class space    used 14296K, committed 14720K, reserved 1048576K
}
Event: 114.343 GC heap after
{Heap after GC invocations=29 (full 0):
 garbage-first heap   total 110592K, used 42249K [0x0000000709800000, 0x0000000800000000)
  region size 2048K, 3 young (6144K), 3 survivors (6144K)
 Metaspace       used 103017K, committed 103936K, reserved 1179648K
  class space    used 14296K, committed 14720K, reserved 1048576K
}
Event: 571.325 GC heap before
{Heap before GC invocations=29 (full 0):
 garbage-first heap   total 110592K, used 101641K [0x0000000709800000, 0x0000000800000000)
  region size 2048K, 32 young (65536K), 3 survivors (6144K)
 Metaspace       used 103119K, committed 104064K, reserved 1179648K
  class space    used 14303K, committed 14720K, reserved 1048576K
}
Event: 571.328 GC heap after
{Heap after GC invocations=30 (full 0):
 garbage-first heap   total 110592K, used 42578K [0x0000000709800000, 0x0000000800000000)
  region size 2048K, 2 young (4096K), 2 survivors (4096K)
 Metaspace       used 103119K, committed 104064K, reserved 1179648K
  class space    used 14303K, committed 14720K, reserved 1048576K
}

