# JRE version: OpenJDK Runtime Environment Corretto-21.0.9.10.1 (21.0.9+10) (build 21.0.9+10-LTS)
# Java VM: OpenJDK 64-Bit Server VM Corretto-21.0.9.10.1 (21.0.9+10-LTS, mixed mode, emulated-client, sharing, tiered, compressed oops, compressed class ptrs, g1 gc, windows-amd64)
GC Precious Log:
 CardTable entry size: 512
 Card Set container configuration: InlinePtr #cards 4 size 8 Array Of Cards #cards 16 size 48 Howl #buckets 8 coarsen threshold 3686 Howl Bitmap #cards 512 size 80 coarsen threshold 460 Card regions per heap region 1 cards per card region 4096
 CPUs: 16 total, 16 available
 Memory: 15772M
 Large Page Support: Disabled
 NUMA Support: Disabled
 Compressed Oops: Enabled (Zero based)
 Heap Region Size: 2M
 Heap Min Capacity: 8M
 Heap Initial Capacity: 248M
 Heap Max Capacity: 3944M
 Pre-touch: Disabled
 Parallel Workers: 13
 Concurrent Workers: 3
 Concurrent Refinement Workers: 13
 Periodic GC: Disabled
Heap:
 garbage-first heap   total 110592K, used 65415K [0x0000000709800000, 0x0000000800000000)
  region size 2048K, 17 young (34816K), 3 survivors (6144K)
 Metaspace       used 98040K, committed 98944K, reserved 1179648K
  class space    used 13551K, committed 13952K, reserved 1048576K
GC Heap History (20 events):
Event: 3.158 GC heap before
{Heap before GC invocations=16 (full 0):
 garbage-first heap   total 92160K, used 72310K [0x0000000709800000, 0x0000000800000000)
  region size 2048K, 27 young (55296K), 4 survivors (8192K)
 Metaspace       used 50538K, committed 51136K, reserved 1114112K
  class space    used 6953K, committed 7232K, reserved 1048576K
}
Event: 3.161 GC heap after
{Heap after GC invocations=17 (full 0):
 garbage-first heap   total 92160K, used 26449K [0x0000000709800000, 0x0000000800000000)
  region size 2048K, 2 young (4096K), 2 survivors (4096K)
 Metaspace       used 50538K, committed 51136K, reserved 1114112K
  class space    used 6953K, committed 7232K, reserved 1048576K
}
Event: 3.449 GC heap before
{Heap before GC invocations=17 (full 0):
 garbage-first heap   total 92160K, used 77649K [0x0000000709800000, 0x0000000800000000)
  region size 2048K, 27 young (55296K), 2 survivors (4096K)
 Metaspace       used 56140K, committed 56768K, reserved 1114112K
  class space    used 7775K, committed 8064K, reserved 1048576K
}
Event: 3.451 GC heap after
{Heap after GC invocations=18 (full 0):
 garbage-first heap   total 110592K, used 27044K [0x0000000709800000, 0x0000000800000000)
  region size 2048K, 3 young (6144K), 3 survivors (6144K)
 Metaspace       used 56140K, committed 56768K, reserved 1114112K
  class space    used 7775K, committed 8064K, reserved 1048576K
}
Event: 3.786 GC heap before
{Heap before GC invocations=18 (full 0):
 garbage-first heap   total 110592K, used 84388K [0x0000000709800000, 0x0000000800000000)
  region size 2048K, 32 young (65536K), 3 survivors (6144K)
 Metaspace       used 61522K, committed 62144K, reserved 1114112K
  class space    used 8524K, committed 8832K, reserved 1048576K
}
Event: 3.788 GC heap after
{Heap after GC invocations=19 (full 0):
 garbage-first heap   total 110592K, used 28435K [0x0000000709800000, 0x0000000800000000)
  region size 2048K, 3 young (6144K), 3 survivors (6144K)
 Metaspace       used 61522K, committed 62144K, reserved 1114112K
  class space    used 8524K, committed 8832K, reserved 1048576K
}
Event: 4.024 GC heap before
{Heap before GC invocations=19 (full 0):
 garbage-first heap   total 110592K, used 69395K [0x0000000709800000, 0x0000000800000000)
  region size 2048K, 24 young (49152K), 3 survivors (6144K)
 Metaspace       used 66488K, committed 67136K, reserved 1114112K
  class space    used 9304K, committed 9600K, reserved 1048576K
}
Event: 4.026 GC heap after
{Heap after GC invocations=20 (full 0):
 garbage-first heap   total 110592K, used 29494K [0x0000000709800000, 0x0000000800000000)
  region size 2048K, 3 young (6144K), 3 survivors (6144K)
 Metaspace       used 66488K, committed 67136K, reserved 1114112K
  class space    used 9304K, committed 9600K, reserved 1048576K
}
Event: 4.527 GC heap before
{Heap before GC invocations=21 (full 0):
 garbage-first heap   total 110592K, used 88886K [0x0000000709800000, 0x0000000800000000)
  region size 2048K, 32 young (65536K), 3 survivors (6144K)
 Metaspace       used 71864K, committed 72512K, reserved 1114112K
  class space    used 10269K, committed 10560K, reserved 1048576K
}
Event: 4.530 GC heap after
{Heap after GC invocations=22 (full 0):
 garbage-first heap   total 110592K, used 30811K [0x0000000709800000, 0x0000000800000000)
  region size 2048K, 3 young (6144K), 3 survivors (6144K)
 Metaspace       used 71864K, committed 72512K, reserved 1114112K
  class space    used 10269K, committed 10560K, reserved 1048576K
}
Event: 4.886 GC heap before
{Heap before GC invocations=22 (full 0):
 garbage-first heap   total 110592K, used 90203K [0x0000000709800000, 0x0000000800000000)
  region size 2048K, 32 young (65536K), 3 survivors (6144K)
 Metaspace       used 77580K, committed 78336K, reserved 1179648K
  class space    used 11033K, committed 11392K, reserved 1048576K
}
Event: 4.889 GC heap after
{Heap after GC invocations=23 (full 0):
 garbage-first heap   total 110592K, used 33125K [0x0000000709800000, 0x0000000800000000)
  region size 2048K, 3 young (6144K), 3 survivors (6144K)
 Metaspace       used 77580K, committed 78336K, reserved 1179648K
  class space    used 11033K, committed 11392K, reserved 1048576K
}
Event: 5.394 GC heap before
{Heap before GC invocations=23 (full 0):
 garbage-first heap   total 110592K, used 92517K [0x0000000709800000, 0x0000000800000000)
  region size 2048K, 32 young (65536K), 3 survivors (6144K)
 Metaspace       used 81724K, committed 82496K, reserved 1179648K
  class space    used 11693K, committed 12032K, reserved 1048576K
}
Event: 5.398 GC heap after
{Heap after GC invocations=24 (full 0):
 garbage-first heap   total 110592K, used 36608K [0x0000000709800000, 0x0000000800000000)
  region size 2048K, 4 young (8192K), 4 survivors (8192K)
 Metaspace       used 81724K, committed 82496K, reserved 1179648K
  class space    used 11693K, committed 12032K, reserved 1048576K
}
Event: 5.659 GC heap before
{Heap before GC invocations=24 (full 0):
 garbage-first heap   total 110592K, used 93952K [0x0000000709800000, 0x0000000800000000)
  region size 2048K, 32 young (65536K), 4 survivors (8192K)
 Metaspace       used 87042K, committed 87872K, reserved 1179648K
  class space    used 12186K, committed 12544K, reserved 1048576K
}
Event: 5.663 GC heap after
{Heap after GC invocations=25 (full 0):
 garbage-first heap   total 110592K, used 38401K [0x0000000709800000, 0x0000000800000000)
  region size 2048K, 3 young (6144K), 3 survivors (6144K)
 Metaspace       used 87042K, committed 87872K, reserved 1179648K
  class space    used 12186K, committed 12544K, reserved 1048576K
}
Event: 5.937 GC heap before
{Heap before GC invocations=25 (full 0):
 garbage-first heap   total 110592K, used 97793K [0x0000000709800000, 0x0000000800000000)
  region size 2048K, 32 young (65536K), 3 survivors (6144K)
 Metaspace       used 92055K, committed 92928K, reserved 1179648K
  class space    used 12756K, committed 13120K, reserved 1048576K
}
Event: 5.939 GC heap after
{Heap after GC invocations=26 (full 0):
 garbage-first heap   total 110592K, used 39162K [0x0000000709800000, 0x0000000800000000)
  region size 2048K, 2 young (4096K), 2 survivors (4096K)
 Metaspace       used 92055K, committed 92928K, reserved 1179648K
  class space    used 12756K, committed 13120K, reserved 1048576K
}
Event: 43.862 GC heap before
{Heap before GC invocations=26 (full 0):
 garbage-first heap   total 110592K, used 98554K [0x0000000709800000, 0x0000000800000000)
  region size 2048K, 32 young (65536K), 2 survivors (4096K)
 Metaspace       used 96962K, committed 97792K, reserved 1179648K
  class space    used 13390K, committed 13760K, reserved 1048576K
}
Event: 43.865 GC heap after
{Heap after GC invocations=27 (full 0):
 garbage-first heap   total 110592K, used 40839K [0x0000000709800000, 0x0000000800000000)
  region size 2048K, 3 young (6144K), 3 survivors (6144K)
 Metaspace       used 96962K, committed 97792K, reserved 1179648K
  class space    used 13390K, committed 13760K, reserved 1048576K
}

